I, [2014-02-18T08:12:58.975212 #26479]  INFO -- Kitchen: -----> Starting Kitchen (v1.2.1)
I, [2014-02-18T08:13:03.842822 #26479]  INFO -- Kitchen: -----> Cleaning up any prior instances of <ubuntu-ubuntu-1204>
I, [2014-02-18T08:13:03.843097 #26479]  INFO -- Kitchen: -----> Destroying <ubuntu-ubuntu-1204>...
I, [2014-02-18T08:13:03.850933 #26479]  INFO -- Kitchen: -----> Testing <ubuntu-ubuntu-1204>
I, [2014-02-18T08:13:03.851106 #26479]  INFO -- Kitchen: -----> Creating <ubuntu-ubuntu-1204>...
I, [2014-02-18T08:14:03.636735 #26479]  INFO -- Kitchen: -----> Converging <ubuntu-ubuntu-1204>...
E, [2014-02-18T08:15:17.084250 #26479] ERROR -- Kitchen: Converge failed on instance <ubuntu-ubuntu-1204>.
I, [2014-02-18T08:20:46.660328 #27084]  INFO -- Kitchen: -----> Starting Kitchen (v1.2.1)
I, [2014-02-18T08:20:51.616316 #27084]  INFO -- Kitchen: -----> Cleaning up any prior instances of <ubuntu-ubuntu-1204>
I, [2014-02-18T08:20:51.617760 #27084]  INFO -- Kitchen: -----> Destroying <ubuntu-ubuntu-1204>...
I, [2014-02-18T08:21:00.556652 #27084]  INFO -- Kitchen: -----> Testing <ubuntu-ubuntu-1204>
I, [2014-02-18T08:21:00.557617 #27084]  INFO -- Kitchen: -----> Creating <ubuntu-ubuntu-1204>...
I, [2014-02-18T08:21:51.785857 #27084]  INFO -- Kitchen: -----> Converging <ubuntu-ubuntu-1204>...
I, [2014-02-18T08:22:27.098925 #27084]  INFO -- Kitchen: -----> Setting up <ubuntu-ubuntu-1204>...
I, [2014-02-18T08:22:39.713335 #27084]  INFO -- Kitchen: -----> Verifying <ubuntu-ubuntu-1204>...
I, [2014-02-18T08:22:44.617534 #27084]  INFO -- Kitchen: -----> Cleaning up any prior instances of <centos-centos-65>
I, [2014-02-18T08:22:44.618239 #27084]  INFO -- Kitchen: -----> Destroying <centos-centos-65>...
I, [2014-02-18T08:22:44.620657 #27084]  INFO -- Kitchen: -----> Testing <centos-centos-65>
I, [2014-02-18T08:22:44.620845 #27084]  INFO -- Kitchen: -----> Creating <centos-centos-65>...
I, [2014-02-18T08:24:00.296558 #27084]  INFO -- Kitchen: -----> Converging <centos-centos-65>...
I, [2014-02-18T08:24:54.969282 #27084]  INFO -- Kitchen: -----> Setting up <centos-centos-65>...
I, [2014-02-18T08:25:46.589918 #27084]  INFO -- Kitchen: -----> Verifying <centos-centos-65>...
I, [2014-02-18T08:27:43.871687 #27084]  INFO -- Kitchen: -----> Kitchen is finished. (6m57.21s)
I, [2014-02-18T08:29:42.614761 #27582]  INFO -- Kitchen: -----> Starting Kitchen (v1.2.1)
I, [2014-02-18T08:29:47.572991 #27582]  INFO -- Kitchen: -----> Destroying <ubuntu-ubuntu-1204>...
I, [2014-02-18T08:29:56.874050 #27582]  INFO -- Kitchen: -----> Destroying <centos-centos-65>...
I, [2014-02-18T08:30:03.581458 #27582]  INFO -- Kitchen: -----> Kitchen is finished. (0m20.97s)
